GIT_HASH: cddb01f
[1m============================= test session starts ==============================[0m
platform linux -- Python 3.6.5, pytest-3.5.0, py-1.5.3, pluggy-0.6.0
rootdir: /workdir, inifile:
plugins: cov-2.5.1
collected 28 items

tests/test_einsum.py .[36m                                                   [  3%][0m
tests/test_loops.py .[36m                                                    [  7%][0m
tests/test_redblack.py ...........[36m                                       [ 46%][0m
tests/simple/test_avos.py ...[36m                                            [ 57%][0m
tests/simple/test_calc_relationship.py .[36m                                 [ 60%][0m
tests/simple/test_components.py .[36m                                        [ 64%][0m
tests/simple/test_mat_avos.py ..[36m                                         [ 71%][0m
tests/simple/test_rel_composition.py ....[36m                                [ 85%][0m
tests/simple/test_vec_avos.py ..[36m                                         [ 92%][0m
tests/simple/test_warshall.py .[36m                                          [ 96%][0m
tests/util/test_relationship_file_io.py .[36m                                [100%][0m

----------- coverage: platform linux, python 3.6.5-final-0 -----------
Name                                         Stmts   Miss  Cover   Missing
--------------------------------------------------------------------------
redblackgraph/__init__.py                        9      0   100%
redblackgraph/core/__init__.py                  15      3    80%   8-17
redblackgraph/core/avos_einsumfunc.py            7      1    86%   8
redblackgraph/core/rbm.py                        0      0   100%
redblackgraph/core/redblack.py                  75      6    92%   23, 28, 36, 87, 93, 98
redblackgraph/simple/__init__.py                 9      0   100%
redblackgraph/simple/avos.py                    34      1    97%   15
redblackgraph/simple/calc_relationship.py       10      1    90%   32
redblackgraph/simple/components.py              22      0   100%
redblackgraph/simple/generation.py               8      7    12%   9-15
redblackgraph/simple/mat_avos.py                 4      0   100%
redblackgraph/simple/rel_composition.py         27      0   100%
redblackgraph/simple/triangularization.py       50      0   100%
redblackgraph/simple/vec_avos.py                 4      0   100%
redblackgraph/simple/warshall.py                12      0   100%
redblackgraph/util/__init__.py                   1      0   100%
redblackgraph/util/relationship_file_io.py     118      7    94%   41, 91, 164-165, 170-171, 174
--------------------------------------------------------------------------
TOTAL                                          405     26    94%

[32mRequired test coverage of 80% reached. Total coverage: 93.58%
[0m
========================== slowest 10 test durations ===========================
0.04s call     tests/util/test_relationship_file_io.py::test_rel_file
0.02s call     tests/simple/test_rel_composition.py::test_my_use_case_edge
0.02s call     tests/simple/test_rel_composition.py::test_my_use_case_vertex
0.00s call     tests/simple/test_components.py::test_find_components
0.00s call     tests/test_redblack.py::TestmatrixOperations::test_avos
0.00s setup    tests/simple/test_components.py::test_find_components
0.00s call     tests/test_redblack.py::TestmatrixOperations::test_vector_matrix_rproduct
0.00s call     tests/simple/test_rel_composition.py::test_vertex_relational_composition
0.00s call     tests/simple/test_warshall.py::test_warshall
0.00s teardown tests/test_redblack.py::TestmatrixOperations::test_vector_matrix_rproduct
[32m[1m========================== 28 passed in 0.62 seconds ===========================[0m
