GIT HASH: cce6d4a
[1m============================= test session starts ==============================[0m
platform darwin -- Python 3.6.4, pytest-3.3.2, py-1.5.2, pluggy-0.6.0
rootdir: /Users/drapp/sandbox/redblackgraph, inifile:
plugins: cov-2.5.1
collected 23 items

redblackgraph/tests/test_einsum.py .[36m                                     [  4%][0m
redblackgraph/tests/test_loops.py .[36m                                      [  8%][0m
redblackgraph/tests/test_redblack.py ..........[36m                          [ 52%][0m
redblackgraph/tests/simple/test_calc_relationship.py .[36m                   [ 56%][0m
redblackgraph/tests/simple/test_mat_avos.py ..[36m                           [ 65%][0m
redblackgraph/tests/simple/test_nz_min.py .[36m                              [ 69%][0m
redblackgraph/tests/simple/test_rel_composition.py ....[36m                  [ 86%][0m
redblackgraph/tests/simple/test_vec_avos.py ..[36m                           [ 95%][0m
redblackgraph/tests/simple/test_warshall.py .[36m                            [100%][0m

---------- coverage: platform darwin, python 3.6.4-final-0 -----------
Name                                        Stmts   Miss  Cover   Missing
-------------------------------------------------------------------------
redblackgraph/__init__.py                       7      0   100%
redblackgraph/core/__init__.py                 15      3    80%   8-17
redblackgraph/core/avos_einsumfunc.py           7      1    86%   8
redblackgraph/core/rbm.py                       0      0   100%
redblackgraph/core/redblack.py                 67      5    93%   21, 26, 34, 85, 91
redblackgraph/simple/__init__.py                8      0   100%
redblackgraph/simple/avos.py                    9      0   100%
redblackgraph/simple/calc_relationship.py      10      1    90%   32
redblackgraph/simple/generation.py             15      7    53%   21-27
redblackgraph/simple/mat_avos.py                4      0   100%
redblackgraph/simple/rel_composition.py        28      0   100%
redblackgraph/simple/util.py                   12      0   100%
redblackgraph/simple/vec_avos.py                4      0   100%
redblackgraph/simple/warshall.py               13      0   100%
-------------------------------------------------------------------------
TOTAL                                         199     17    91%

[32mRequired test coverage of 80% reached. Total coverage: 91.46%
[0m
[32m[1m========================== 23 passed in 0.42 seconds ===========================[0m
