GIT_HASH: 6d4c8db
[1m============================= test session starts ==============================[0m
platform linux -- Python 3.6.5, pytest-3.6.2, py-1.5.3, pluggy-0.6.0
rootdir: /workdir, inifile:
plugins: cov-2.5.1
collected 33 items

tests/test_einsum.py ..[36m                                                  [  6%][0m
tests/test_loops.py .[36m                                                    [  9%][0m
tests/test_redblack.py ...........[36m                                       [ 42%][0m
tests/reference/test_avos.py ......[36m                                      [ 60%][0m
tests/reference/test_calc_relationship.py .[36m                              [ 63%][0m
tests/reference/test_components.py .[36m                                     [ 66%][0m
tests/reference/test_mat_avos.py ...[36m                                     [ 75%][0m
tests/reference/test_rel_composition.py ....[36m                             [ 87%][0m
tests/reference/test_vec_avos.py ..[36m                                      [ 93%][0m
tests/reference/test_warshall.py .[36m                                       [ 96%][0m
tests/util/test_relationship_file_io.py .[36m                                [100%][0m

----------- coverage: platform linux, python 3.6.5-final-0 -----------
Name                                           Stmts   Miss  Cover   Missing
----------------------------------------------------------------------------
redblackgraph/__init__.py                          9      0   100%
redblackgraph/core/__init__.py                    15      3    80%   8-17
redblackgraph/core/avos_einsumfunc.py             11      3    73%   8, 12, 15
redblackgraph/core/rbm.py                          0      0   100%
redblackgraph/core/redblack.py                    74      6    92%   22, 27, 35, 87, 93, 98
redblackgraph/reference/__init__.py                9      0   100%
redblackgraph/reference/avos.py                   18      1    94%   17
redblackgraph/reference/calc_relationship.py      23      6    74%   26-32, 50
redblackgraph/reference/components.py             23      0   100%
redblackgraph/reference/generation.py              9      7    22%   12-18
redblackgraph/reference/mat_avos.py                5      0   100%
redblackgraph/reference/rel_composition.py        27      0   100%
redblackgraph/reference/triangularization.py      58      0   100%
redblackgraph/reference/util.py                   17      0   100%
redblackgraph/reference/vec_avos.py                5      0   100%
redblackgraph/reference/warshall.py               17      0   100%
redblackgraph/util/__init__.py                     1      0   100%
redblackgraph/util/relationship_file_io.py       118      7    94%   41, 91, 164-165, 170-171, 174
----------------------------------------------------------------------------
TOTAL                                            439     33    92%

[32mRequired test coverage of 80% reached. Total coverage: 92.48%
[0m
========================== slowest 10 test durations ===========================
0.04s call     tests/util/test_relationship_file_io.py::test_rel_file
0.03s call     tests/reference/test_rel_composition.py::test_my_use_case_edge
0.02s call     tests/reference/test_rel_composition.py::test_my_use_case_vertex
0.00s call     tests/reference/test_components.py::test_find_components
0.00s call     tests/test_redblack.py::TestmatrixOperations::test_avos
0.00s call     tests/reference/test_rel_composition.py::test_vertex_relational_composition
0.00s setup    tests/test_redblack.py::TestmatrixOperations::test_triangularization
0.00s setup    tests/reference/test_avos.py::test_sign2
0.00s call     tests/reference/test_warshall.py::test_warshall
0.00s call     tests/test_redblack.py::TestmatrixOperations::test_relational_composition
[32m[1m========================== 33 passed in 0.82 seconds ===========================[0m
