GIT HASH: 5622333
[1m============================= test session starts ==============================[0m
platform darwin -- Python 3.6.0, pytest-3.0.7, py-1.4.32, pluggy-0.4.0
rootdir: /Users/drapp/sandbox/redBlackGraph, inifile:
plugins: cov-2.4.0
collected 5 items

redblackgraph/tests/test_rbm.py .....

---------- coverage: platform darwin, python 3.6.0-final-0 -----------
Name                        Stmts   Miss  Cover   Missing
---------------------------------------------------------
redblackgraph/__init__.py       4      0   100%
redblackgraph/rbm.py           22      0   100%
---------------------------------------------------------
TOTAL                          26      0   100%


[32m[1m=========================== 5 passed in 0.38 seconds ===========================[0m
