GIT_HASH: cfba8fa
[1m============================= test session starts ==============================[0m
platform linux -- Python 3.6.5, pytest-3.5.1, py-1.5.3, pluggy-0.6.0
rootdir: /workdir, inifile:
plugins: cov-2.5.1
collected 30 items

tests/test_einsum.py .F[36m                                                  [  6%][0m
tests/test_loops.py .[36m                                                    [ 10%][0m
tests/test_redblack.py ...........[36m                                       [ 46%][0m
tests/reference/test_avos.py ...[36m                                         [ 56%][0m
tests/reference/test_calc_relationship.py .[36m                              [ 60%][0m
tests/reference/test_components.py .[36m                                     [ 63%][0m
tests/reference/test_mat_avos.py ...[36m                                     [ 73%][0m
tests/reference/test_rel_composition.py ....[36m                             [ 86%][0m
tests/reference/test_vec_avos.py ..[36m                                      [ 93%][0m
tests/reference/test_warshall.py .[36m                                       [ 96%][0m
tests/util/test_relationship_file_io.py .[36m                                [100%][0m

=================================== FAILURES ===================================
[31m[1m________________________________ test_identity _________________________________[0m

[1m    def test_identity():[0m
[1m        A = np.array([[-1, 2, 3, 0, 0],[0m
[1m                      [ 0,-1, 0, 2, 0],[0m
[1m                      [ 0, 0, 1, 0, 0],[0m
[1m                      [ 0, 0, 0, -1, 0],[0m
[1m                      [ 2, 0, 0, 0, 1]], dtype=np.int64)[0m
[1m        I = np.array([[ 1, 0, 0, 0, 0],[0m
[1m                      [ 0, 1, 0, 0, 0],[0m
[1m                      [ 0, 0, 1, 0, 0],[0m
[1m                      [ 0, 0, 0, 1, 0],[0m
[1m                      [ 0, 0, 0, 0, 1]], dtype=np.int64)[0m
[1m    [0m
[1m        res = einsum('ij,jk', I, A, avos=True)[0m
[1m>       assert_equal(A, res)[0m
[1m[31mE       AssertionError: [0m
[1m[31mE       Arrays are not equal[0m
[1m[31mE       [0m
[1m[31mE       (mismatch 12.0%)[0m
[1m[31mE        x: array([[-1,  2,  3,  0,  0],[0m
[1m[31mE              [ 0, -1,  0,  2,  0],[0m
[1m[31mE              [ 0,  0,  1,  0,  0],...[0m
[1m[31mE        y: array([[1, 2, 3, 0, 0],[0m
[1m[31mE              [0, 1, 0, 2, 0],[0m
[1m[31mE              [0, 0, 1, 0, 0],...[0m

[1m[31mtests/test_einsum.py[0m:47: AssertionError

----------- coverage: platform linux, python 3.6.5-final-0 -----------
Name                                           Stmts   Miss  Cover   Missing
----------------------------------------------------------------------------
redblackgraph/__init__.py                          9      0   100%
redblackgraph/core/__init__.py                    15      3    80%   8-17
redblackgraph/core/avos_einsumfunc.py              7      1    86%   8
redblackgraph/core/rbm.py                          0      0   100%
redblackgraph/core/redblack.py                    74      6    92%   22, 27, 35, 87, 93, 98
redblackgraph/reference/__init__.py                9      0   100%
redblackgraph/reference/avos.py                   18      1    94%   17
redblackgraph/reference/calc_relationship.py      23      6    74%   26-32, 50
redblackgraph/reference/components.py             23      0   100%
redblackgraph/reference/generation.py              9      7    22%   12-18
redblackgraph/reference/mat_avos.py                5      0   100%
redblackgraph/reference/rel_composition.py        27      0   100%
redblackgraph/reference/triangularization.py      58      0   100%
redblackgraph/reference/util.py                   17      0   100%
redblackgraph/reference/vec_avos.py                5      0   100%
redblackgraph/reference/warshall.py               17      0   100%
redblackgraph/util/__init__.py                     1      0   100%
redblackgraph/util/relationship_file_io.py       118      7    94%   41, 91, 164-165, 170-171, 174
----------------------------------------------------------------------------
TOTAL                                            435     31    93%

[32mRequired test coverage of 80% reached. Total coverage: 92.87%
[0m========================== slowest 10 test durations ===========================
0.03s call     tests/util/test_relationship_file_io.py::test_rel_file
0.01s call     tests/reference/test_rel_composition.py::test_my_use_case_edge
0.01s call     tests/reference/test_rel_composition.py::test_my_use_case_vertex
0.00s call     tests/reference/test_components.py::test_find_components
0.00s call     tests/test_einsum.py::test_identity
0.00s setup    tests/reference/test_vec_avos.py::test_identity
0.00s call     tests/test_redblack.py::TestmatrixOperations::test_avos
0.00s teardown tests/reference/test_calc_relationship.py::test_deirect_relationships
0.00s setup    tests/reference/test_avos.py::test_sign
0.00s setup    tests/test_einsum.py::test_avos
[31m[1m===================== 1 failed, 29 passed in 0.51 seconds ======================[0m
